2025-04-13 19:51:25.944+0000 INFO  Logging config in use: File '/var/lib/neo4j/conf/user-logs.xml'
2025-04-13 19:51:25.990+0000 INFO  Starting...
2025-04-13 19:51:27.455+0000 INFO  This instance is ServerId{69b1007a} (69b1007a-c5aa-4a58-bc04-80c62331713a)
2025-04-13 19:51:29.866+0000 INFO  ======== Neo4j 5.26.0 ========
2025-04-13 19:52:51.386+0000 INFO  Logging config in use: File '/var/lib/neo4j/conf/user-logs.xml'
2025-04-13 19:52:51.423+0000 INFO  Starting...
2025-04-13 19:52:52.906+0000 INFO  This instance is ServerId{69b1007a} (69b1007a-c5aa-4a58-bc04-80c62331713a)
2025-04-13 19:52:54.667+0000 INFO  ======== Neo4j 5.26.0 ========
2025-04-13 19:53:18.300+0000 INFO  Anonymous Usage Data is being sent to Neo4j, see https://neo4j.com/docs/usage-data/
2025-04-13 19:53:18.395+0000 INFO  Bolt enabled on 0.0.0.0:7687.
2025-04-13 19:53:20.120+0000 INFO  HTTP enabled on 0.0.0.0:7474.
2025-04-13 19:53:20.123+0000 INFO  Remote interface available at http://localhost:7474/
2025-04-13 19:53:20.130+0000 INFO  id: C1A6A71324DBCD056F75760B5B1A9C9613B81A0BD34B1BC93715D3598D323A02
2025-04-13 19:53:20.132+0000 INFO  name: system
2025-04-13 19:53:20.134+0000 INFO  creationDate: 2025-04-13T19:51:31.769Z
2025-04-13 19:53:20.136+0000 INFO  Started.
2025-04-13 19:58:25.224+0000 INFO  Neo4j Server shutdown initiated by request
2025-04-13 19:58:25.226+0000 INFO  Stopping...
2025-04-13 20:05:19.630+0000 INFO  Logging config in use: File '/var/lib/neo4j/conf/user-logs.xml'
2025-04-13 20:05:19.651+0000 INFO  Starting...
2025-04-13 20:05:20.478+0000 INFO  This instance is ServerId{69b1007a} (69b1007a-c5aa-4a58-bc04-80c62331713a)
2025-04-13 20:05:21.539+0000 INFO  ======== Neo4j 5.26.0 ========
2025-04-13 20:05:24.408+0000 INFO  Anonymous Usage Data is being sent to Neo4j, see https://neo4j.com/docs/usage-data/
2025-04-13 20:05:24.453+0000 INFO  Bolt enabled on 0.0.0.0:7687.
2025-04-13 20:05:25.103+0000 INFO  HTTP enabled on 0.0.0.0:7474.
2025-04-13 20:05:25.104+0000 INFO  Remote interface available at http://localhost:7474/
2025-04-13 20:05:25.107+0000 INFO  id: C1A6A71324DBCD056F75760B5B1A9C9613B81A0BD34B1BC93715D3598D323A02
2025-04-13 20:05:25.108+0000 INFO  name: system
2025-04-13 20:05:25.109+0000 INFO  creationDate: 2025-04-13T19:51:31.769Z
2025-04-13 20:05:25.109+0000 INFO  Started.
2025-04-13 20:08:21.324+0000 INFO  Neo4j Server shutdown initiated by request
2025-04-13 20:08:21.325+0000 INFO  Stopping...
2025-04-13 20:13:04.797+0000 INFO  Logging config in use: File '/var/lib/neo4j/conf/user-logs.xml'
2025-04-13 20:13:04.822+0000 INFO  Starting...
2025-04-13 20:13:06.085+0000 INFO  This instance is ServerId{69b1007a} (69b1007a-c5aa-4a58-bc04-80c62331713a)
2025-04-13 20:13:07.260+0000 INFO  ======== Neo4j 5.26.0 ========
2025-04-13 20:13:10.466+0000 INFO  Anonymous Usage Data is being sent to Neo4j, see https://neo4j.com/docs/usage-data/
2025-04-13 20:13:10.529+0000 INFO  Bolt enabled on 0.0.0.0:7687.
2025-04-13 20:13:11.223+0000 INFO  HTTP enabled on 0.0.0.0:7474.
2025-04-13 20:13:11.225+0000 INFO  Remote interface available at http://localhost:7474/
2025-04-13 20:13:11.233+0000 INFO  id: C1A6A71324DBCD056F75760B5B1A9C9613B81A0BD34B1BC93715D3598D323A02
2025-04-13 20:13:11.234+0000 INFO  name: system
2025-04-13 20:13:11.235+0000 INFO  creationDate: 2025-04-13T19:51:31.769Z
2025-04-13 20:13:11.237+0000 INFO  Started.
2025-04-13 20:16:12.197+0000 INFO  Neo4j Server shutdown initiated by request
2025-04-13 20:16:12.198+0000 INFO  Stopping...
2025-04-13 20:21:33.696+0000 INFO  Logging config in use: File '/var/lib/neo4j/conf/user-logs.xml'
2025-04-13 20:21:33.726+0000 INFO  Starting...
2025-04-13 20:21:34.912+0000 INFO  This instance is ServerId{69b1007a} (69b1007a-c5aa-4a58-bc04-80c62331713a)
2025-04-13 20:21:36.038+0000 INFO  ======== Neo4j 5.26.0 ========
2025-04-13 20:21:39.305+0000 INFO  Anonymous Usage Data is being sent to Neo4j, see https://neo4j.com/docs/usage-data/
2025-04-13 20:21:39.361+0000 INFO  Bolt enabled on 0.0.0.0:7687.
2025-04-13 20:21:39.998+0000 INFO  HTTP enabled on 0.0.0.0:7474.
2025-04-13 20:21:39.999+0000 INFO  Remote interface available at http://localhost:7474/
2025-04-13 20:21:40.003+0000 INFO  id: C1A6A71324DBCD056F75760B5B1A9C9613B81A0BD34B1BC93715D3598D323A02
2025-04-13 20:21:40.005+0000 INFO  name: system
2025-04-13 20:21:40.006+0000 INFO  creationDate: 2025-04-13T19:51:31.769Z
2025-04-13 20:21:40.007+0000 INFO  Started.
2025-04-13 20:22:21.414+0000 INFO  Neo4j Server shutdown initiated by request
2025-04-13 20:22:21.415+0000 INFO  Stopping...
2025-04-13 20:29:23.230+0000 INFO  Logging config in use: File '/var/lib/neo4j/conf/user-logs.xml'
2025-04-13 20:29:23.252+0000 INFO  Starting...
2025-04-13 20:29:24.146+0000 INFO  This instance is ServerId{69b1007a} (69b1007a-c5aa-4a58-bc04-80c62331713a)
2025-04-13 20:29:25.343+0000 INFO  ======== Neo4j 5.26.0 ========
2025-04-13 20:29:28.445+0000 INFO  Anonymous Usage Data is being sent to Neo4j, see https://neo4j.com/docs/usage-data/
2025-04-13 20:29:28.492+0000 INFO  Bolt enabled on 0.0.0.0:7687.
2025-04-13 20:29:29.195+0000 INFO  HTTP enabled on 0.0.0.0:7474.
2025-04-13 20:29:29.196+0000 INFO  Remote interface available at http://localhost:7474/
2025-04-13 20:29:29.202+0000 INFO  id: C1A6A71324DBCD056F75760B5B1A9C9613B81A0BD34B1BC93715D3598D323A02
2025-04-13 20:29:29.203+0000 INFO  name: system
2025-04-13 20:29:29.204+0000 INFO  creationDate: 2025-04-13T19:51:31.769Z
2025-04-13 20:29:29.205+0000 INFO  Started.
2025-04-13 20:31:52.265+0000 INFO  Neo4j Server shutdown initiated by request
2025-04-13 20:31:52.267+0000 INFO  Stopping...
2025-04-13 20:39:14.993+0000 INFO  Logging config in use: File '/var/lib/neo4j/conf/user-logs.xml'
2025-04-13 20:39:15.010+0000 INFO  Starting...
2025-04-13 20:39:15.991+0000 INFO  This instance is ServerId{69b1007a} (69b1007a-c5aa-4a58-bc04-80c62331713a)
2025-04-13 20:39:17.143+0000 INFO  ======== Neo4j 5.26.0 ========
2025-04-13 20:39:19.947+0000 INFO  Anonymous Usage Data is being sent to Neo4j, see https://neo4j.com/docs/usage-data/
2025-04-13 20:39:19.992+0000 INFO  Bolt enabled on 0.0.0.0:7687.
2025-04-13 20:39:20.569+0000 INFO  HTTP enabled on 0.0.0.0:7474.
2025-04-13 20:39:20.571+0000 INFO  Remote interface available at http://localhost:7474/
2025-04-13 20:39:20.576+0000 INFO  id: C1A6A71324DBCD056F75760B5B1A9C9613B81A0BD34B1BC93715D3598D323A02
2025-04-13 20:39:20.576+0000 INFO  name: system
2025-04-13 20:39:20.577+0000 INFO  creationDate: 2025-04-13T19:51:31.769Z
2025-04-13 20:39:20.578+0000 INFO  Started.
2025-04-13 20:42:49.575+0000 INFO  Neo4j Server shutdown initiated by request
2025-04-13 20:42:49.576+0000 INFO  Stopping...
2025-04-13 20:49:01.544+0000 INFO  Logging config in use: File '/var/lib/neo4j/conf/user-logs.xml'
2025-04-13 20:49:01.568+0000 INFO  Starting...
2025-04-13 20:49:02.531+0000 INFO  This instance is ServerId{69b1007a} (69b1007a-c5aa-4a58-bc04-80c62331713a)
2025-04-13 20:49:03.759+0000 INFO  ======== Neo4j 5.26.0 ========
2025-04-13 20:49:06.751+0000 INFO  Anonymous Usage Data is being sent to Neo4j, see https://neo4j.com/docs/usage-data/
2025-04-13 20:49:06.792+0000 INFO  Bolt enabled on 0.0.0.0:7687.
2025-04-13 20:49:07.438+0000 INFO  HTTP enabled on 0.0.0.0:7474.
2025-04-13 20:49:07.439+0000 INFO  Remote interface available at http://localhost:7474/
2025-04-13 20:49:07.444+0000 INFO  id: C1A6A71324DBCD056F75760B5B1A9C9613B81A0BD34B1BC93715D3598D323A02
2025-04-13 20:49:07.445+0000 INFO  name: system
2025-04-13 20:49:07.446+0000 INFO  creationDate: 2025-04-13T19:51:31.769Z
2025-04-13 20:49:07.447+0000 INFO  Started.
2025-04-13 20:49:50.603+0000 INFO  Neo4j Server shutdown initiated by request
2025-04-13 20:49:50.604+0000 INFO  Stopping...
2025-04-13 21:10:43.657+0000 INFO  Logging config in use: File '/var/lib/neo4j/conf/user-logs.xml'
2025-04-13 21:10:43.708+0000 INFO  Starting...
2025-04-13 21:10:45.281+0000 INFO  This instance is ServerId{69b1007a} (69b1007a-c5aa-4a58-bc04-80c62331713a)
2025-04-13 21:10:47.893+0000 INFO  ======== Neo4j 5.26.0 ========
2025-04-13 21:10:53.575+0000 INFO  Anonymous Usage Data is being sent to Neo4j, see https://neo4j.com/docs/usage-data/
2025-04-13 21:10:53.647+0000 INFO  Bolt enabled on 0.0.0.0:7687.
2025-04-13 21:10:55.097+0000 INFO  HTTP enabled on 0.0.0.0:7474.
2025-04-13 21:10:55.100+0000 INFO  Remote interface available at http://localhost:7474/
2025-04-13 21:10:55.109+0000 INFO  id: C1A6A71324DBCD056F75760B5B1A9C9613B81A0BD34B1BC93715D3598D323A02
2025-04-13 21:10:55.111+0000 INFO  name: system
2025-04-13 21:10:55.113+0000 INFO  creationDate: 2025-04-13T19:51:31.769Z
2025-04-13 21:10:55.115+0000 INFO  Started.
2025-04-13 21:10:59.663+0000 INFO  Neo4j Server shutdown initiated by request
2025-04-13 21:10:59.666+0000 INFO  Stopping...
2025-04-13 21:12:46.822+0000 INFO  Logging config in use: File '/var/lib/neo4j/conf/user-logs.xml'
2025-04-13 21:12:46.855+0000 INFO  Starting...
2025-04-13 21:12:48.288+0000 INFO  This instance is ServerId{69b1007a} (69b1007a-c5aa-4a58-bc04-80c62331713a)
2025-04-13 21:12:50.023+0000 INFO  ======== Neo4j 5.26.0 ========
2025-04-13 21:12:54.901+0000 INFO  Anonymous Usage Data is being sent to Neo4j, see https://neo4j.com/docs/usage-data/
2025-04-13 21:12:54.973+0000 INFO  Bolt enabled on 0.0.0.0:7687.
2025-04-13 21:12:56.147+0000 INFO  HTTP enabled on 0.0.0.0:7474.
2025-04-13 21:12:56.149+0000 INFO  Remote interface available at http://localhost:7474/
2025-04-13 21:12:56.158+0000 INFO  id: C1A6A71324DBCD056F75760B5B1A9C9613B81A0BD34B1BC93715D3598D323A02
2025-04-13 21:12:56.159+0000 INFO  name: system
2025-04-13 21:12:56.161+0000 INFO  creationDate: 2025-04-13T19:51:31.769Z
2025-04-13 21:12:56.162+0000 INFO  Started.
2025-04-13 21:16:28.704+0000 INFO  Neo4j Server shutdown initiated by request
2025-04-13 21:16:28.707+0000 INFO  Stopping...
2025-04-13 21:16:53.815+0000 INFO  Logging config in use: File '/var/lib/neo4j/conf/user-logs.xml'
2025-04-13 21:16:53.854+0000 INFO  Starting...
2025-04-13 21:16:55.136+0000 INFO  This instance is ServerId{69b1007a} (69b1007a-c5aa-4a58-bc04-80c62331713a)
2025-04-13 21:16:56.958+0000 INFO  ======== Neo4j 5.26.0 ========
2025-04-13 21:17:02.264+0000 INFO  Anonymous Usage Data is being sent to Neo4j, see https://neo4j.com/docs/usage-data/
2025-04-13 21:17:02.334+0000 INFO  Bolt enabled on 0.0.0.0:7687.
2025-04-13 21:17:03.377+0000 INFO  HTTP enabled on 0.0.0.0:7474.
2025-04-13 21:17:03.379+0000 INFO  Remote interface available at http://localhost:7474/
2025-04-13 21:17:03.389+0000 INFO  id: C1A6A71324DBCD056F75760B5B1A9C9613B81A0BD34B1BC93715D3598D323A02
2025-04-13 21:17:03.391+0000 INFO  name: system
2025-04-13 21:17:03.393+0000 INFO  creationDate: 2025-04-13T19:51:31.769Z
2025-04-13 21:17:03.394+0000 INFO  Started.
2025-04-13 21:20:36.671+0000 INFO  Neo4j Server shutdown initiated by request
2025-04-13 21:20:36.673+0000 INFO  Stopping...
